2025-03-13 19:27:07,511 - INFO - Model loaded successfully.
2025-03-13 19:27:07,518 - WARNING -  * Debugger is active!
2025-03-13 19:27:07,522 - INFO -  * Debugger PIN: 345-054-656
2025-03-13 19:27:27,526 - INFO - Received request: {'text': 'orange is nice in India.'}
2025-03-13 19:27:27,527 - WARNING - Missing API key.
2025-03-13 19:27:27,529 - INFO - 127.0.0.1 - - [13/Mar/2025 19:27:27] "[31m[1mPOST /predict HTTP/1.1[0m" 401 -
2025-03-13 19:28:08,465 - INFO -  * Detected change in 'C:\\Sudar\\Projects\\NER\\app.py', reloading
2025-03-13 19:28:12,695 - INFO - Model loaded successfully.
2025-03-13 19:28:12,701 - WARNING -  * Debugger is active!
2025-03-13 19:28:12,704 - INFO -  * Debugger PIN: 345-054-656
2025-03-13 19:28:23,923 - INFO - Received request: {'text': 'orange is nice in India.'}
2025-03-13 19:28:24,036 - INFO - Response sent successfully.
2025-03-13 19:28:24,037 - INFO - 127.0.0.1 - - [13/Mar/2025 19:28:24] "POST /predict HTTP/1.1" 200 -
2025-03-13 19:32:10,439 - INFO -  * Detected change in 'C:\\Sudar\\Projects\\NER\\app.py', reloading
2025-03-13 19:34:50,957 - INFO - Model loaded successfully.
2025-03-13 19:34:50,977 - INFO - [31m[1mWARNING: This is a development server. Do not use it in a production deployment. Use a production WSGI server instead.[0m
 * Running on all addresses (0.0.0.0)
 * Running on http://127.0.0.1:8000
 * Running on http://192.168.1.155:8000
2025-03-13 19:34:50,977 - INFO - [33mPress CTRL+C to quit[0m
2025-03-13 19:34:50,983 - INFO -  * Restarting with watchdog (windowsapi)
2025-03-13 19:34:54,505 - INFO - Model loaded successfully.
2025-03-13 19:34:54,510 - WARNING -  * Debugger is active!
2025-03-13 19:34:54,514 - INFO -  * Debugger PIN: 345-054-656
2025-03-13 19:35:29,085 - INFO -  * Detected change in 'C:\\Users\\Sudar Durai\\AppData\\Local\\Programs\\Python\\Python311\\Lib\\threading.py', reloading
2025-03-13 19:35:31,183 - INFO -  * Restarting with watchdog (windowsapi)
2025-03-13 19:35:34,870 - INFO - Model loaded successfully.
2025-03-13 19:35:34,876 - WARNING -  * Debugger is active!
2025-03-13 19:35:34,879 - INFO -  * Debugger PIN: 345-054-656
2025-03-13 19:36:10,890 - INFO - Received request: {'text': 'Apple is acquiring a company in India\n'}
2025-03-13 19:36:10,890 - WARNING - Missing API key.
2025-03-13 19:36:10,891 - INFO - 127.0.0.1 - - [13/Mar/2025 19:36:10] "[31m[1mPOST /predict HTTP/1.1[0m" 401 -
2025-03-13 19:37:19,487 - INFO -  * Detected change in 'C:\\Sudar\\Projects\\NER\\app.py', reloading
2025-03-13 19:37:20,530 - INFO -  * Restarting with watchdog (windowsapi)
2025-03-13 19:37:24,295 - INFO - Model loaded successfully.
2025-03-13 19:37:24,300 - WARNING -  * Debugger is active!
2025-03-13 19:37:24,302 - INFO -  * Debugger PIN: 345-054-656
2025-03-13 19:37:48,038 - INFO - Received request: {'text': 'Apple is acquiring a company in India '}
2025-03-13 19:37:48,420 - INFO - Response sent successfully.
2025-03-13 19:37:48,421 - INFO - 127.0.0.1 - - [13/Mar/2025 19:37:48] "POST /predict HTTP/1.1" 200 -
